TN:
SF:src\index.ts
FN:8,(anonymous_0)
FN:14,(anonymous_1)
FNF:2
FNH:0
FNDA:0,(anonymous_0)
FNDA:0,(anonymous_1)
DA:1,3
DA:3,3
DA:5,3
DA:8,3
DA:9,0
DA:10,0
DA:11,0
DA:14,3
DA:15,0
DA:16,0
DA:17,0
LF:11
LH:5
BRF:0
BRH:0
end_of_record
TN:
SF:src\server.ts
FN:14,(anonymous_1)
FN:19,(anonymous_2)
FN:32,(anonymous_3)
FN:36,(anonymous_4)
FN:39,(anonymous_5)
FN:43,(anonymous_6)
FN:56,(anonymous_7)
FN:61,(anonymous_8)
FN:62,(anonymous_9)
FN:63,(anonymous_10)
FN:70,(anonymous_11)
FN:71,(anonymous_12)
FN:72,(anonymous_13)
FN:79,(anonymous_14)
FN:85,createServer
FNF:15
FNH:15
FNDA:10,(anonymous_1)
FNDA:20,(anonymous_2)
FNDA:4,(anonymous_3)
FNDA:10,(anonymous_4)
FNDA:11,(anonymous_5)
FNDA:10,(anonymous_6)
FNDA:6,(anonymous_7)
FNDA:3,(anonymous_8)
FNDA:3,(anonymous_9)
FNDA:3,(anonymous_10)
FNDA:8,(anonymous_11)
FNDA:8,(anonymous_12)
FNDA:8,(anonymous_13)
FNDA:3,(anonymous_14)
FNDA:1,createServer
DA:1,2
DA:4,2
DA:10,2
DA:15,10
DA:16,10
DA:20,20
DA:21,20
DA:23,20
DA:24,4
DA:25,16
DA:26,10
DA:28,6
DA:33,4
DA:37,10
DA:39,10
DA:40,11
DA:43,10
DA:44,10
DA:45,10
DA:46,5
DA:47,5
DA:48,5
DA:50,5
DA:51,5
DA:57,6
DA:58,6
DA:62,3
DA:63,3
DA:64,3
DA:65,3
DA:71,8
DA:72,8
DA:73,8
DA:74,8
DA:80,3
DA:85,2
DA:86,1
LF:37
LH:37
BRDA:14,0,0,1
BRDA:23,1,0,4
BRDA:23,1,1,16
BRDA:23,2,0,20
BRDA:23,2,1,6
BRDA:25,3,0,10
BRDA:25,3,1,6
BRDA:25,4,0,16
BRDA:25,4,1,11
BRF:9
BRH:9
end_of_record
